[2022-12-16 13:01:32,656] INFO [Controller id=0] Processing automatic preferred replica leader election (kafka.controller.KafkaController)
[2022-12-16 13:01:32,656] TRACE [Controller id=0] Checking need to trigger auto leader balancing (kafka.controller.KafkaController)
[2022-12-16 13:01:32,657] DEBUG [Controller id=0] Topics not in preferred replica for broker 0 Map() (kafka.controller.KafkaController)
[2022-12-16 13:01:32,657] TRACE [Controller id=0] Leader imbalance ratio for broker 0 is 0.0 (kafka.controller.KafkaController)
[2022-12-16 13:03:28,505] DEBUG preRegister called. Server=com.sun.jmx.mbeanserver.JmxMBeanServer@d716361, name=log4j:logger=kafka.controller (kafka.controller)
[2022-12-16 13:03:30,614] INFO [ControllerEventThread controllerId=0] Starting (kafka.controller.ControllerEventManager$ControllerEventThread)
[2022-12-16 13:03:30,641] INFO [Controller id=0] 0 successfully elected as the controller. Epoch incremented to 1 and epoch zk version is now 1 (kafka.controller.KafkaController)
[2022-12-16 13:03:30,646] INFO [Controller id=0] Creating FeatureZNode at path: /feature with contents: FeatureZNode(Enabled,Features{}) (kafka.controller.KafkaController)
[2022-12-16 13:03:30,742] INFO [Controller id=0] Registering handlers (kafka.controller.KafkaController)
[2022-12-16 13:03:30,747] INFO [Controller id=0] Deleting log dir event notifications (kafka.controller.KafkaController)
[2022-12-16 13:03:30,753] INFO [Controller id=0] Deleting isr change notifications (kafka.controller.KafkaController)
[2022-12-16 13:03:30,758] INFO [Controller id=0] Initializing controller context (kafka.controller.KafkaController)
[2022-12-16 13:03:30,774] INFO [Controller id=0] Initialized broker epochs cache: Map(0 -> 25) (kafka.controller.KafkaController)
[2022-12-16 13:03:30,781] DEBUG [Controller id=0] Register BrokerModifications handler for Set(0) (kafka.controller.KafkaController)
[2022-12-16 13:03:30,787] DEBUG [Channel manager on controller 0]: Controller 0 trying to connect to broker 0 (kafka.controller.ControllerChannelManager)
[2022-12-16 13:03:30,794] INFO [RequestSendThread controllerId=0] Starting (kafka.controller.RequestSendThread)
[2022-12-16 13:03:30,794] INFO [Controller id=0] Currently active brokers in the cluster: Set(0) (kafka.controller.KafkaController)
[2022-12-16 13:03:30,795] INFO [Controller id=0] Currently shutting brokers in the cluster: Set() (kafka.controller.KafkaController)
[2022-12-16 13:03:30,795] INFO [Controller id=0] Current list of topics in the cluster: Set() (kafka.controller.KafkaController)
[2022-12-16 13:03:30,795] INFO [Controller id=0] Fetching topic deletions in progress (kafka.controller.KafkaController)
[2022-12-16 13:03:30,801] INFO [Controller id=0] List of topics to be deleted:  (kafka.controller.KafkaController)
[2022-12-16 13:03:30,801] INFO [Controller id=0] List of topics ineligible for deletion:  (kafka.controller.KafkaController)
[2022-12-16 13:03:30,802] INFO [Controller id=0] Initializing topic deletion manager (kafka.controller.KafkaController)
[2022-12-16 13:03:30,802] INFO [Topic Deletion Manager 0] Initializing manager with initial deletions: Set(), initial ineligible deletions: Set() (kafka.controller.TopicDeletionManager)
[2022-12-16 13:03:30,803] INFO [Controller id=0] Sending update metadata request (kafka.controller.KafkaController)
[2022-12-16 13:03:30,824] INFO [ReplicaStateMachine controllerId=0] Initializing replica state (kafka.controller.ZkReplicaStateMachine)
[2022-12-16 13:03:30,825] INFO [ReplicaStateMachine controllerId=0] Triggering online replica state changes (kafka.controller.ZkReplicaStateMachine)
[2022-12-16 13:03:30,830] INFO [ReplicaStateMachine controllerId=0] Triggering offline replica state changes (kafka.controller.ZkReplicaStateMachine)
[2022-12-16 13:03:30,831] DEBUG [ReplicaStateMachine controllerId=0] Started replica state machine with initial state -> Map() (kafka.controller.ZkReplicaStateMachine)
[2022-12-16 13:03:30,832] INFO [PartitionStateMachine controllerId=0] Initializing partition state (kafka.controller.ZkPartitionStateMachine)
[2022-12-16 13:03:30,833] INFO [PartitionStateMachine controllerId=0] Triggering online partition state changes (kafka.controller.ZkPartitionStateMachine)
[2022-12-16 13:03:30,835] INFO [RequestSendThread controllerId=0] Controller 0 connected to alex-GE75-Raider-8SF:9092 (id: 0 rack: null) for sending state change requests (kafka.controller.RequestSendThread)
[2022-12-16 13:03:30,837] DEBUG [PartitionStateMachine controllerId=0] Started partition state machine with initial state -> Map() (kafka.controller.ZkPartitionStateMachine)
[2022-12-16 13:03:30,837] INFO [Controller id=0] Ready to serve as the new controller with epoch 1 (kafka.controller.KafkaController)
[2022-12-16 13:03:30,846] INFO [Controller id=0] Partitions undergoing preferred replica election:  (kafka.controller.KafkaController)
[2022-12-16 13:03:30,847] INFO [Controller id=0] Partitions that completed preferred replica election:  (kafka.controller.KafkaController)
[2022-12-16 13:03:30,848] INFO [Controller id=0] Skipping preferred replica election for partitions due to topic deletion:  (kafka.controller.KafkaController)
[2022-12-16 13:03:30,849] INFO [Controller id=0] Resuming preferred replica election for partitions:  (kafka.controller.KafkaController)
[2022-12-16 13:03:30,851] INFO [Controller id=0] Starting replica leader election (PREFERRED) for partitions  triggered by ZkTriggered (kafka.controller.KafkaController)
[2022-12-16 13:03:30,864] INFO [Controller id=0] Starting the controller scheduler (kafka.controller.KafkaController)
[2022-12-16 13:03:31,034] INFO [Controller id=0] New topics: [Set(messages_out)], deleted topics: [Set()], new partition replica assignment [Set(TopicIdReplicaAssignment(messages_out,Some(M6sAqeYoSgu04zvH_Gjm2Q),Map(messages_out-0 -> ReplicaAssignment(replicas=0, addingReplicas=, removingReplicas=))))] (kafka.controller.KafkaController)
[2022-12-16 13:03:31,036] INFO [Controller id=0] New partition creation callback for messages_out-0 (kafka.controller.KafkaController)
[2022-12-16 13:03:31,395] INFO [Controller id=0] New topics: [Set(messages_in)], deleted topics: [Set()], new partition replica assignment [Set(TopicIdReplicaAssignment(messages_in,Some(9bxjM_OBT9SjPRsEbJzayQ),Map(messages_in-0 -> ReplicaAssignment(replicas=0, addingReplicas=, removingReplicas=))))] (kafka.controller.KafkaController)
[2022-12-16 13:03:31,395] INFO [Controller id=0] New partition creation callback for messages_in-0 (kafka.controller.KafkaController)
[2022-12-16 13:03:35,866] INFO [Controller id=0] Processing automatic preferred replica leader election (kafka.controller.KafkaController)
[2022-12-16 13:03:35,867] TRACE [Controller id=0] Checking need to trigger auto leader balancing (kafka.controller.KafkaController)
[2022-12-16 13:03:35,876] DEBUG [Controller id=0] Topics not in preferred replica for broker 0 Map() (kafka.controller.KafkaController)
[2022-12-16 13:03:35,879] TRACE [Controller id=0] Leader imbalance ratio for broker 0 is 0.0 (kafka.controller.KafkaController)
[2022-12-16 13:04:34,580] INFO [Controller id=0] New topics: [Set(__consumer_offsets)], deleted topics: [Set()], new partition replica assignment [Set(TopicIdReplicaAssignment(__consumer_offsets,Some(2SdWt6APQDWF8K-JlttegA),Map(__consumer_offsets-22 -> ReplicaAssignment(replicas=0, addingReplicas=, removingReplicas=), __consumer_offsets-30 -> ReplicaAssignment(replicas=0, addingReplicas=, removingReplicas=), __consumer_offsets-8 -> ReplicaAssignment(replicas=0, addingReplicas=, removingReplicas=), __consumer_offsets-21 -> ReplicaAssignment(replicas=0, addingReplicas=, removingReplicas=), __consumer_offsets-4 -> ReplicaAssignment(replicas=0, addingReplicas=, removingReplicas=), __consumer_offsets-27 -> ReplicaAssignment(replicas=0, addingReplicas=, removingReplicas=), __consumer_offsets-7 -> ReplicaAssignment(replicas=0, addingReplicas=, removingReplicas=), __consumer_offsets-9 -> ReplicaAssignment(replicas=0, addingReplicas=, removingReplicas=), __consumer_offsets-46 -> ReplicaAssignment(replicas=0, addingReplicas=, removingReplicas=), __consumer_offsets-25 -> ReplicaAssignment(replicas=0, addingReplicas=, removingReplicas=), __consumer_offsets-35 -> ReplicaAssignment(replicas=0, addingReplicas=, removingReplicas=), __consumer_offsets-41 -> ReplicaAssignment(replicas=0, addingReplicas=, removingReplicas=), __consumer_offsets-33 -> ReplicaAssignment(replicas=0, addingReplicas=, removingReplicas=), __consumer_offsets-23 -> ReplicaAssignment(replicas=0, addingReplicas=, removingReplicas=), __consumer_offsets-49 -> ReplicaAssignment(replicas=0, addingReplicas=, removingReplicas=), __consumer_offsets-47 -> ReplicaAssignment(replicas=0, addingReplicas=, removingReplicas=), __consumer_offsets-16 -> ReplicaAssignment(replicas=0, addingReplicas=, removingReplicas=), __consumer_offsets-28 -> ReplicaAssignment(replicas=0, addingReplicas=, removingReplicas=), __consumer_offsets-31 -> ReplicaAssignment(replicas=0, addingReplicas=, removingReplicas=), __consumer_offsets-36 -> ReplicaAssignment(replicas=0, addingReplicas=, removingReplicas=), __consumer_offsets-42 -> ReplicaAssignment(replicas=0, addingReplicas=, removingReplicas=), __consumer_offsets-3 -> ReplicaAssignment(replicas=0, addingReplicas=, removingReplicas=), __consumer_offsets-18 -> ReplicaAssignment(replicas=0, addingReplicas=, removingReplicas=), __consumer_offsets-37 -> ReplicaAssignment(replicas=0, addingReplicas=, removingReplicas=), __consumer_offsets-15 -> ReplicaAssignment(replicas=0, addingReplicas=, removingReplicas=), __consumer_offsets-24 -> ReplicaAssignment(replicas=0, addingReplicas=, removingReplicas=), __consumer_offsets-38 -> ReplicaAssignment(replicas=0, addingReplicas=, removingReplicas=), __consumer_offsets-17 -> ReplicaAssignment(replicas=0, addingReplicas=, removingReplicas=), __consumer_offsets-48 -> ReplicaAssignment(replicas=0, addingReplicas=, removingReplicas=), __consumer_offsets-19 -> ReplicaAssignment(replicas=0, addingReplicas=, removingReplicas=), __consumer_offsets-11 -> ReplicaAssignment(replicas=0, addingReplicas=, removingReplicas=), __consumer_offsets-13 -> ReplicaAssignment(replicas=0, addingReplicas=, removingReplicas=), __consumer_offsets-2 -> ReplicaAssignment(replicas=0, addingReplicas=, removingReplicas=), __consumer_offsets-43 -> ReplicaAssignment(replicas=0, addingReplicas=, removingReplicas=), __consumer_offsets-6 -> ReplicaAssignment(replicas=0, addingReplicas=, removingReplicas=), __consumer_offsets-14 -> ReplicaAssignment(replicas=0, addingReplicas=, removingReplicas=), __consumer_offsets-20 -> ReplicaAssignment(replicas=0, addingReplicas=, removingReplicas=), __consumer_offsets-0 -> ReplicaAssignment(replicas=0, addingReplicas=, removingReplicas=), __consumer_offsets-44 -> ReplicaAssignment(replicas=0, addingReplicas=, removingReplicas=), __consumer_offsets-39 -> ReplicaAssignment(replicas=0, addingReplicas=, removingReplicas=), __consumer_offsets-12 -> ReplicaAssignment(replicas=0, addingReplicas=, removingReplicas=), __consumer_offsets-45 -> ReplicaAssignment(replicas=0, addingReplicas=, removingReplicas=), __consumer_offsets-1 -> ReplicaAssignment(replicas=0, addingReplicas=, removingReplicas=), __consumer_offsets-5 -> ReplicaAssignment(replicas=0, addingReplicas=, removingReplicas=), __consumer_offsets-26 -> ReplicaAssignment(replicas=0, addingReplicas=, removingReplicas=), __consumer_offsets-29 -> ReplicaAssignment(replicas=0, addingReplicas=, removingReplicas=), __consumer_offsets-34 -> ReplicaAssignment(replicas=0, addingReplicas=, removingReplicas=), __consumer_offsets-10 -> ReplicaAssignment(replicas=0, addingReplicas=, removingReplicas=), __consumer_offsets-32 -> ReplicaAssignment(replicas=0, addingReplicas=, removingReplicas=), __consumer_offsets-40 -> ReplicaAssignment(replicas=0, addingReplicas=, removingReplicas=))))] (kafka.controller.KafkaController)
[2022-12-16 13:04:34,580] INFO [Controller id=0] New partition creation callback for __consumer_offsets-22,__consumer_offsets-30,__consumer_offsets-8,__consumer_offsets-21,__consumer_offsets-4,__consumer_offsets-27,__consumer_offsets-7,__consumer_offsets-9,__consumer_offsets-46,__consumer_offsets-25,__consumer_offsets-35,__consumer_offsets-41,__consumer_offsets-33,__consumer_offsets-23,__consumer_offsets-49,__consumer_offsets-47,__consumer_offsets-16,__consumer_offsets-28,__consumer_offsets-31,__consumer_offsets-36,__consumer_offsets-42,__consumer_offsets-3,__consumer_offsets-18,__consumer_offsets-37,__consumer_offsets-15,__consumer_offsets-24,__consumer_offsets-38,__consumer_offsets-17,__consumer_offsets-48,__consumer_offsets-19,__consumer_offsets-11,__consumer_offsets-13,__consumer_offsets-2,__consumer_offsets-43,__consumer_offsets-6,__consumer_offsets-14,__consumer_offsets-20,__consumer_offsets-0,__consumer_offsets-44,__consumer_offsets-39,__consumer_offsets-12,__consumer_offsets-45,__consumer_offsets-1,__consumer_offsets-5,__consumer_offsets-26,__consumer_offsets-29,__consumer_offsets-34,__consumer_offsets-10,__consumer_offsets-32,__consumer_offsets-40 (kafka.controller.KafkaController)
